{
  "uid" : "21415fe5d4b0bb4",
  "name" : "test_fail",
  "fullName" : "TestCases.test_login.TestLogin#test_fail",
  "historyId" : "28e9c5ffc75a164b5fc32ce5123d15e4",
  "time" : {
    "start" : 1594722830314,
    "stop" : 1594722830315,
    "duration" : 1
  },
  "status" : "failed",
  "statusMessage" : "AssertionError: assert False",
  "statusTrace" : "self = <TestCases.test_login.TestLogin object at 0x00000170AB3EF898>\n\n    @pytest.mark.fail\n    def test_fail(self):\n>       assert False\nE       assert False\n\nTestCases\\test_login.py:79: AssertionError",
  "flaky" : false,
  "newFailed" : false,
  "beforeStages" : [ {
    "name" : "init_course",
    "time" : {
      "start" : 1594722811852,
      "stop" : 1594722812378,
      "duration" : 526
    },
    "status" : "passed",
    "steps" : [ ],
    "attachments" : [ ],
    "parameters" : [ ],
    "hasContent" : false,
    "stepsCount" : 0,
    "attachmentsCount" : 0,
    "shouldDisplayMessage" : false
  }, {
    "name" : "init_driver",
    "time" : {
      "start" : 1594722824138,
      "stop" : 1594722830313,
      "duration" : 6175
    },
    "status" : "passed",
    "steps" : [ ],
    "attachments" : [ ],
    "parameters" : [ ],
    "hasContent" : false,
    "stepsCount" : 0,
    "attachmentsCount" : 0,
    "shouldDisplayMessage" : false
  } ],
  "afterStages" : [ {
    "name" : "init_course::0",
    "time" : {
      "start" : 1594722833363,
      "stop" : 1594722833689,
      "duration" : 326
    },
    "status" : "passed",
    "steps" : [ ],
    "attachments" : [ ],
    "parameters" : [ ],
    "hasContent" : false,
    "stepsCount" : 0,
    "attachmentsCount" : 0,
    "shouldDisplayMessage" : false
  }, {
    "name" : "init_driver::0",
    "time" : {
      "start" : 1594722830349,
      "stop" : 1594722833360,
      "duration" : 3011
    },
    "status" : "passed",
    "steps" : [ ],
    "attachments" : [ ],
    "parameters" : [ ],
    "hasContent" : false,
    "stepsCount" : 0,
    "attachmentsCount" : 0,
    "shouldDisplayMessage" : false
  } ],
  "labels" : [ {
    "name" : "tag",
    "value" : "@pytest.mark.usefixtures('init_driver')"
  }, {
    "name" : "tag",
    "value" : "fail"
  }, {
    "name" : "tag",
    "value" : "login"
  }, {
    "name" : "parentSuite",
    "value" : "TestCases"
  }, {
    "name" : "suite",
    "value" : "test_login"
  }, {
    "name" : "subSuite",
    "value" : "TestLogin"
  }, {
    "name" : "host",
    "value" : "DESKTOP-KFH4O7N"
  }, {
    "name" : "thread",
    "value" : "25984-MainThread"
  }, {
    "name" : "framework",
    "value" : "pytest"
  }, {
    "name" : "language",
    "value" : "cpython3"
  }, {
    "name" : "package",
    "value" : "TestCases.test_login"
  }, {
    "name" : "resultFormat",
    "value" : "allure2"
  } ],
  "parameters" : [ ],
  "links" : [ ],
  "hidden" : true,
  "retry" : true,
  "extra" : {
    "categories" : [ ],
    "tags" : [ "fail", "@pytest.mark.usefixtures('init_driver')", "login" ]
  },
  "source" : "21415fe5d4b0bb4.json",
  "parameterValues" : [ ]
}