{
  "uid" : "851d50bbee8668e",
  "name" : "test_fail",
  "fullName" : "TestCases.test_login.TestLogin#test_fail",
  "historyId" : "28e9c5ffc75a164b5fc32ce5123d15e4",
  "time" : {
    "start" : 1594723155801,
    "stop" : 1594723155802,
    "duration" : 1
  },
  "status" : "failed",
  "statusMessage" : "AssertionError: assert False",
  "statusTrace" : "self = <TestCases.test_login.TestLogin object at 0x00000299DAA633C8>\n\n    @pytest.mark.fail\n    def test_fail(self):\n>       assert False\nE       assert False\n\nTestCases\\test_login.py:79: AssertionError",
  "flaky" : false,
  "newFailed" : false,
  "beforeStages" : [ {
    "name" : "init_course",
    "time" : {
      "start" : 1594723148924,
      "stop" : 1594723149476,
      "duration" : 552
    },
    "status" : "passed",
    "steps" : [ ],
    "attachments" : [ ],
    "parameters" : [ ],
    "hasContent" : false,
    "stepsCount" : 0,
    "attachmentsCount" : 0,
    "shouldDisplayMessage" : false
  }, {
    "name" : "init_driver",
    "time" : {
      "start" : 1594723149476,
      "stop" : 1594723155801,
      "duration" : 6325
    },
    "status" : "passed",
    "steps" : [ ],
    "attachments" : [ ],
    "parameters" : [ ],
    "hasContent" : false,
    "stepsCount" : 0,
    "attachmentsCount" : 0,
    "shouldDisplayMessage" : false
  } ],
  "afterStages" : [ {
    "name" : "init_course::0",
    "time" : {
      "start" : 1594723157906,
      "stop" : 1594723158097,
      "duration" : 191
    },
    "status" : "passed",
    "steps" : [ ],
    "attachments" : [ ],
    "parameters" : [ ],
    "hasContent" : false,
    "stepsCount" : 0,
    "attachmentsCount" : 0,
    "shouldDisplayMessage" : false
  }, {
    "name" : "init_driver::0",
    "time" : {
      "start" : 1594723155804,
      "stop" : 1594723157906,
      "duration" : 2102
    },
    "status" : "passed",
    "steps" : [ ],
    "attachments" : [ ],
    "parameters" : [ ],
    "hasContent" : false,
    "stepsCount" : 0,
    "attachmentsCount" : 0,
    "shouldDisplayMessage" : false
  } ],
  "labels" : [ {
    "name" : "tag",
    "value" : "fail"
  }, {
    "name" : "tag",
    "value" : "@pytest.mark.usefixtures('init_driver')"
  }, {
    "name" : "tag",
    "value" : "login"
  }, {
    "name" : "parentSuite",
    "value" : "TestCases"
  }, {
    "name" : "suite",
    "value" : "test_login"
  }, {
    "name" : "subSuite",
    "value" : "TestLogin"
  }, {
    "name" : "host",
    "value" : "DESKTOP-KFH4O7N"
  }, {
    "name" : "thread",
    "value" : "24464-MainThread"
  }, {
    "name" : "framework",
    "value" : "pytest"
  }, {
    "name" : "language",
    "value" : "cpython3"
  }, {
    "name" : "package",
    "value" : "TestCases.test_login"
  }, {
    "name" : "resultFormat",
    "value" : "allure2"
  } ],
  "parameters" : [ ],
  "links" : [ ],
  "hidden" : true,
  "retry" : true,
  "extra" : {
    "categories" : [ ],
    "tags" : [ "fail", "@pytest.mark.usefixtures('init_driver')", "login" ]
  },
  "source" : "851d50bbee8668e.json",
  "parameterValues" : [ ]
}